<?xml version="1.0" encoding="UTF-8"?>
<testng-results ignored="0" total="1" passed="1" failed="0" skipped="0">
  <reporter-output>
  </reporter-output>
  <suite started-at="2023-12-17T17:44:33 PKT" name="Default suite" finished-at="2023-12-17T17:44:33 PKT" duration-ms="159">
    <groups>
    </groups>
    <test started-at="2023-12-17T17:44:33 PKT" name="Default test" finished-at="2023-12-17T17:44:33 PKT" duration-ms="159">
      <class name="SA.Testing.testng">
        <test-method signature="testng()[pri:0, instance:SA.Testing.testng@2b48a640]" started-at="2023-12-17T17:44:33 PKT" name="testng" finished-at="2023-12-17T17:44:33 PKT" duration-ms="38" status="PASS">
          <reporter-output>
          </reporter-output>
        </test-method> <!-- testng -->
      </class> <!-- SA.Testing.testng -->
    </test> <!-- Default test -->
  </suite> <!-- Default suite -->
</testng-results>
